10:17:16.146 [main] INFO  - ---- TestCase_03_StoringTheYearTableInExcel Started ----
10:17:31.654 [main] INFO  - ---- TestCase_03_StoringTheYearTableInExcel Ended ----
10:18:01.108 [main] INFO  - ---- TestCase_21_LoanTenureCalculator_ValidatingLoanAmountTextBoxAndSlider Started ----
10:18:01.241 [main] INFO  - ---- TestCase_21_LoanTenureCalculator_ValidatingLoanAmountTextBoxAndSlider Ended ----
10:18:01.357 [main] INFO  - ---- TestCase_22_LoanTenureCalculator_ScaleChangeForLoanAmountTextBoxAndSlider Started ----
10:18:02.456 [main] ERROR - TestCase_22_LoanTenureCalculator_ScaleChangeForLoanAmountTextBoxAndSlider got failed, Scale Change for Loan Amount Text Box and slider was not successful
10:19:52.094 [main] INFO  - ---- TestCase_01_EnteringRequiredValuesInHomePage Started ----
10:19:55.503 [main] INFO  - ---- TestCase_01_EnteringRequiredValuesInHomePage Ended ----
10:19:55.687 [main] INFO  - ---- TestCase_02_DisplayingTheEMIPaymentTable Started ----
10:19:58.452 [main] INFO  - ---- TestCase_02_DisplayingTheEMIPaymentTable Ended ----
10:20:05.077 [main] INFO  - ---- TestCase_03_StoringTheYearTableInExcel Started ----
10:20:17.127 [main] INFO  - ---- TestCase_03_StoringTheYearTableInExcel Ended ----
10:20:29.211 [main] INFO  - -----TestCase_04_EMICalculator_ValidatingLoanAmountTextBoxAndSlider  started.------
10:20:29.497 [main] INFO  - TestCase_04_EMICalculator_ValidatingLoanAmountTextBoxAndSlider ended.
10:20:29.640 [main] INFO  - TestCase_05_EMICalculator_ScaleChangeForLoanAmountTextBoxAndSlider started.
10:20:30.887 [main] ERROR - TestCase_05_EMICalculator_ScaleChangeForLoanAmountTextBoxAndSlider got failed, Scale check for Loan Amount Text Box and slider was not successful.
10:20:42.863 [main] INFO  - ---- TestCase_13_LoanAmtCalculator_ValidatingEMITextBoxAndSlider Started ----
10:20:43.008 [main] INFO  - ---- TestCase_13_LoanAmtCalculator_ValidatingEMITextBoxAndSlider Ended ----
10:20:43.161 [main] INFO  - ---- TestCase_14_LoanAmtCalculator_ValidatingInterestRateTextBoxAndSlider Started ----
10:20:43.305 [main] INFO  - ---- TestCase_14_LoanAmtCalculator_ValidatingInterestRateTextBoxAndSlider Ended ----
10:20:43.456 [main] INFO  - ---- TestCase_15_LoanAmtCalculator_ScaleChangeForInterestRateTextBoxAndSlider Started ----
10:20:44.494 [main] ERROR - TestCase_15_LoanAmtCalculator_ScaleChangeForInterestRateTextBoxAndSlider got failed, Scale Change for Interest Rate Text Box and slider was not successful
10:20:58.600 [main] INFO  - ---- TestCase_21_LoanTenureCalculator_ValidatingLoanAmountTextBoxAndSlider Started ----
10:20:58.740 [main] INFO  - ---- TestCase_21_LoanTenureCalculator_ValidatingLoanAmountTextBoxAndSlider Ended ----
10:20:58.908 [main] INFO  - ---- TestCase_22_LoanTenureCalculator_ScaleChangeForLoanAmountTextBoxAndSlider Started ----
10:21:00.004 [main] ERROR - TestCase_22_LoanTenureCalculator_ScaleChangeForLoanAmountTextBoxAndSlider got failed, Scale Change for Loan Amount Text Box and slider was not successful
10:22:22.728 [main] INFO  - ---- TestCase_01_EnteringRequiredValuesInHomePage Started ----
10:22:25.567 [main] INFO  - ---- TestCase_01_EnteringRequiredValuesInHomePage Ended ----
10:22:25.799 [main] INFO  - ---- TestCase_02_DisplayingTheEMIPaymentTable Started ----
10:22:28.340 [main] INFO  - ---- TestCase_02_DisplayingTheEMIPaymentTable Ended ----
10:22:38.547 [main] INFO  - ---- TestCase_03_StoringTheYearTableInExcel Started ----
10:22:49.095 [main] INFO  - ---- TestCase_03_StoringTheYearTableInExcel Ended ----
10:23:00.633 [main] INFO  - -----TestCase_04_EMICalculator_ValidatingLoanAmountTextBoxAndSlider  started.------
10:23:00.909 [main] INFO  - TestCase_04_EMICalculator_ValidatingLoanAmountTextBoxAndSlider ended.
10:23:01.163 [main] INFO  - TestCase_05_EMICalculator_ScaleChangeForLoanAmountTextBoxAndSlider started.
10:23:02.248 [main] INFO  - TestCase_05_EMICalculator_ScaleChangeForLoanAmountTextBoxAndSlider started.
10:23:02.555 [main] INFO  - TestCase_06_EMICalculator_ValidatingInterestRateTextBoxAndSlider started.
10:23:02.673 [main] INFO  - TestCase_06_EMICalculator_ValidatingInterestRateTextBoxAndSlider ended.
10:23:02.939 [main] INFO  - TestCase_07_EMICalculator_ScaleChangeForInterestRateTextBoxAndSlider started
10:23:03.959 [main] INFO  - TestCase_07_EMICalculator_ScaleChangeForInterestRateTextBoxAndSlider ended
10:23:04.209 [main] INFO  - TestCase_08_EMICalculator_ValidatingLoanTenureTextBoxAndSlider started.
10:23:04.376 [main] INFO  - TestCase_08_EMICalculator_ValidatingLoanTenureTextBoxAndSlider ended.
10:23:04.610 [main] INFO  - TestCase_09_EMICalculator_ScaleChangeForLoanTenureTextBoxAndSlider started
10:23:05.754 [main] INFO  - TestCase_09_EMICalculator_ScaleChangeForLoanTenureTextBoxAndSlider ended
10:23:05.957 [main] INFO  - TestCase_10_EMICalculator_ValidatingFeesAndChargesTextBoxAndSlider started.
10:23:06.063 [main] INFO  - TestCase_10_EMICalculator_ValidatingFeesAndChargesTextBoxAndSlider ended.
10:23:06.267 [main] INFO  - TestCase_11_EMICalculator_ScaleChangeForFeesAndChargesTextBoxAndSlider started
10:23:07.255 [main] INFO  - TestCase_11_EMICalculator_ScaleChangeForFeesAndChargesTextBoxAndSlider ended
10:23:07.463 [main] INFO  - TestCase_12_EMICalculator_ValidationForYearAndMonthOption started.
10:23:07.637 [main] INFO  - TestCase_12_EMICalculator_ValidationForYearAndMonthOption ended.
10:23:19.801 [main] INFO  - ---- TestCase_13_LoanAmtCalculator_ValidatingEMITextBoxAndSlider Started ----
10:23:20.030 [main] INFO  - ---- TestCase_13_LoanAmtCalculator_ValidatingEMITextBoxAndSlider Ended ----
10:23:20.264 [main] INFO  - ---- TestCase_14_LoanAmtCalculator_ValidatingInterestRateTextBoxAndSlider Started ----
10:23:20.423 [main] INFO  - ---- TestCase_14_LoanAmtCalculator_ValidatingInterestRateTextBoxAndSlider Ended ----
10:23:20.645 [main] INFO  - ---- TestCase_15_LoanAmtCalculator_ScaleChangeForInterestRateTextBoxAndSlider Started ----
10:23:21.659 [main] INFO  - ---- TestCase_15_LoanAmtCalculator_ScaleChangeForInterestRateTextBoxAndSlider Ended ----
10:23:21.864 [main] INFO  - ---- TestCase_16_LoanAmtCalculator_ValidatingLoanTenureTextBoxAndSlider Started ----
10:23:21.977 [main] INFO  - ---- TestCase_16_LoanAmtCalculator_ValidatingLoanTenureTextBoxAndSlider Ended ----
10:23:22.182 [main] INFO  - ---- TestCase_17_LoanAmtCalculator_ScaleChangeForLoanTenureTextBoxAndSlider Started ----
10:23:23.172 [main] INFO  - ---- TestCase_17_LoanAmtCalculator_ScaleChangeForLoanTenureTextBoxAndSlider Ended ----
10:23:23.378 [main] INFO  - ---- TestCase_18_LoanAmtCalculator_ValidatingFeesAndChargesTextBoxAndSlider Started ----
10:23:23.520 [main] INFO  - ---- TestCase_18_LoanAmtCalculator_ValidatingFeesAndChargesTextBoxAndSlider Ended ----
10:23:23.700 [main] INFO  - ---- TestCase_19_LoanAmtCalculator_ValidationForYearAndMonthOption Started ----
10:23:23.792 [main] INFO  - ---- TestCase_19_LoanAmtCalculator_ValidationForYearAndMonthOption Ended ----
10:23:24.008 [main] INFO  - ---- TestCase_20_LoanAmtCalculator_ScaleChangeForFeesAndChargesTextBoxAndSlider Started ----
10:23:25.296 [main] INFO  - ---- TestCase_20_LoanAmtCalculator_ScaleChangeForFeesAndChargesTextBoxAndSlider Ended ----
10:23:39.013 [main] INFO  - ---- TestCase_21_LoanTenureCalculator_ValidatingLoanAmountTextBoxAndSlider Started ----
10:23:39.105 [main] INFO  - ---- TestCase_21_LoanTenureCalculator_ValidatingLoanAmountTextBoxAndSlider Ended ----
10:23:39.336 [main] INFO  - ---- TestCase_22_LoanTenureCalculator_ScaleChangeForLoanAmountTextBoxAndSlider Started ----
10:23:40.417 [main] INFO  - ---- TestCase_22_LoanTenureCalculator_ScaleChangeForLoanAmountTextBoxAndSlider Ended ----
10:23:40.670 [main] INFO  - ---- TestCase_23_LoanTenureCalculator_ValidatingEMITextBoxAndSlider Started ----
10:23:40.773 [main] INFO  - ---- TestCase_23_LoanTenureCalculator_ValidatingEMITextBoxAndSlider Ended ----
10:23:41.043 [main] INFO  - ---- TestCase_24_LoanTenureCalculator_ValidatingInterestRateTextBoxAndSlider Started ----
10:23:41.164 [main] INFO  - ---- TestCase_24_LoanTenureCalculator_ValidatingInterestRateTextBoxAndSlider Ended ----
10:23:41.420 [main] INFO  - ---- TestCase_25_LoanTenureCalculator_ScaleChangeForInterestRateTextBoxAndSlider Started ----
10:23:42.569 [main] INFO  - ---- TestCase_25_LoanTenureCalculator_ScaleChangeForInterestRateTextBoxAndSlider Ended ----
10:23:42.759 [main] INFO  - ---- TestCase_26_LoanTenureCalculator_ValidatingFeesAndChargesTextBoxAndSlider Started ----
10:23:42.872 [main] INFO  - ---- TestCase_26_LoanTenureCalculator_ValidatingFeesAndChargesTextBoxAndSlider Ended ----
10:23:43.043 [main] INFO  - ---- TestCase_27_LoanTenureCalculator_ScaleChangeForFeesAndChargesTextBoxAndSlider Started ----
10:23:44.050 [main] INFO  - ---- TestCase_27_LoanTenureCalculator_ScaleChangeForFeesAndChargesTextBoxAndSlider Ended ----
10:29:58.194 [main] INFO  - ---- TestCase_01_EnteringRequiredValuesInHomePage Started ----
10:30:01.548 [main] INFO  - ---- TestCase_01_EnteringRequiredValuesInHomePage Ended ----
10:30:01.791 [main] INFO  - ---- TestCase_02_DisplayingTheEMIPaymentTable Started ----
10:30:04.263 [main] INFO  - ---- TestCase_02_DisplayingTheEMIPaymentTable Ended ----
10:31:35.828 [main] INFO  - -----TestCase_04_EMICalculator_ValidatingLoanAmountTextBoxAndSlider  started.------
10:31:36.055 [main] INFO  - TestCase_04_EMICalculator_ValidatingLoanAmountTextBoxAndSlider ended.
10:31:36.319 [main] INFO  - TestCase_05_EMICalculator_ScaleChangeForLoanAmountTextBoxAndSlider started.
10:31:37.493 [main] INFO  - TestCase_05_EMICalculator_ScaleChangeForLoanAmountTextBoxAndSlider started.
10:31:37.760 [main] INFO  - TestCase_06_EMICalculator_ValidatingInterestRateTextBoxAndSlider started.
10:31:37.913 [main] INFO  - TestCase_06_EMICalculator_ValidatingInterestRateTextBoxAndSlider ended.
10:31:38.177 [main] INFO  - TestCase_07_EMICalculator_ScaleChangeForInterestRateTextBoxAndSlider started
10:31:39.155 [main] INFO  - TestCase_07_EMICalculator_ScaleChangeForInterestRateTextBoxAndSlider ended
10:31:39.367 [main] INFO  - TestCase_08_EMICalculator_ValidatingLoanTenureTextBoxAndSlider started.
10:31:39.543 [main] INFO  - TestCase_08_EMICalculator_ValidatingLoanTenureTextBoxAndSlider ended.
10:31:39.786 [main] INFO  - TestCase_09_EMICalculator_ScaleChangeForLoanTenureTextBoxAndSlider started
10:31:40.785 [main] INFO  - TestCase_09_EMICalculator_ScaleChangeForLoanTenureTextBoxAndSlider ended
10:31:40.997 [main] INFO  - TestCase_10_EMICalculator_ValidatingFeesAndChargesTextBoxAndSlider started.
10:31:41.096 [main] INFO  - TestCase_10_EMICalculator_ValidatingFeesAndChargesTextBoxAndSlider ended.
10:31:41.302 [main] INFO  - TestCase_11_EMICalculator_ScaleChangeForFeesAndChargesTextBoxAndSlider started
10:31:42.291 [main] INFO  - TestCase_11_EMICalculator_ScaleChangeForFeesAndChargesTextBoxAndSlider ended
10:31:42.467 [main] INFO  - TestCase_12_EMICalculator_ValidationForYearAndMonthOption started.
10:31:42.603 [main] INFO  - TestCase_12_EMICalculator_ValidationForYearAndMonthOption ended.
10:32:30.383 [main] INFO  - ---- TestCase_13_LoanAmtCalculator_ValidatingEMITextBoxAndSlider Started ----
10:32:30.506 [main] INFO  - ---- TestCase_13_LoanAmtCalculator_ValidatingEMITextBoxAndSlider Ended ----
10:32:30.726 [main] INFO  - ---- TestCase_14_LoanAmtCalculator_ValidatingInterestRateTextBoxAndSlider Started ----
10:32:30.854 [main] INFO  - ---- TestCase_14_LoanAmtCalculator_ValidatingInterestRateTextBoxAndSlider Ended ----
10:32:31.098 [main] INFO  - ---- TestCase_15_LoanAmtCalculator_ScaleChangeForInterestRateTextBoxAndSlider Started ----
10:32:32.172 [main] INFO  - ---- TestCase_15_LoanAmtCalculator_ScaleChangeForInterestRateTextBoxAndSlider Ended ----
10:32:32.407 [main] INFO  - ---- TestCase_16_LoanAmtCalculator_ValidatingLoanTenureTextBoxAndSlider Started ----
10:32:32.524 [main] INFO  - ---- TestCase_16_LoanAmtCalculator_ValidatingLoanTenureTextBoxAndSlider Ended ----
10:32:32.739 [main] INFO  - ---- TestCase_17_LoanAmtCalculator_ScaleChangeForLoanTenureTextBoxAndSlider Started ----
10:32:33.759 [main] INFO  - ---- TestCase_17_LoanAmtCalculator_ScaleChangeForLoanTenureTextBoxAndSlider Ended ----
10:32:33.986 [main] INFO  - ---- TestCase_18_LoanAmtCalculator_ValidatingFeesAndChargesTextBoxAndSlider Started ----
10:32:34.118 [main] INFO  - ---- TestCase_18_LoanAmtCalculator_ValidatingFeesAndChargesTextBoxAndSlider Ended ----
10:32:34.333 [main] INFO  - ---- TestCase_19_LoanAmtCalculator_ValidationForYearAndMonthOption Started ----
10:32:34.434 [main] INFO  - ---- TestCase_19_LoanAmtCalculator_ValidationForYearAndMonthOption Ended ----
10:32:34.654 [main] INFO  - ---- TestCase_20_LoanAmtCalculator_ScaleChangeForFeesAndChargesTextBoxAndSlider Started ----
10:32:36.048 [main] INFO  - ---- TestCase_20_LoanAmtCalculator_ScaleChangeForFeesAndChargesTextBoxAndSlider Ended ----
10:33:51.435 [main] INFO  - ---- TestCase_21_LoanTenureCalculator_ValidatingLoanAmountTextBoxAndSlider Started ----
10:33:51.620 [main] INFO  - ---- TestCase_21_LoanTenureCalculator_ValidatingLoanAmountTextBoxAndSlider Ended ----
10:33:51.896 [main] INFO  - ---- TestCase_22_LoanTenureCalculator_ScaleChangeForLoanAmountTextBoxAndSlider Started ----
10:33:52.982 [main] INFO  - ---- TestCase_22_LoanTenureCalculator_ScaleChangeForLoanAmountTextBoxAndSlider Ended ----
10:33:53.283 [main] INFO  - ---- TestCase_23_LoanTenureCalculator_ValidatingEMITextBoxAndSlider Started ----
10:33:53.465 [main] INFO  - ---- TestCase_23_LoanTenureCalculator_ValidatingEMITextBoxAndSlider Ended ----
10:33:53.767 [main] INFO  - ---- TestCase_24_LoanTenureCalculator_ValidatingInterestRateTextBoxAndSlider Started ----
10:33:54.110 [main] INFO  - ---- TestCase_24_LoanTenureCalculator_ValidatingInterestRateTextBoxAndSlider Ended ----
10:33:54.407 [main] INFO  - ---- TestCase_25_LoanTenureCalculator_ScaleChangeForInterestRateTextBoxAndSlider Started ----
10:33:55.546 [main] INFO  - ---- TestCase_25_LoanTenureCalculator_ScaleChangeForInterestRateTextBoxAndSlider Ended ----
10:33:55.762 [main] INFO  - ---- TestCase_26_LoanTenureCalculator_ValidatingFeesAndChargesTextBoxAndSlider Started ----
10:33:55.968 [main] INFO  - ---- TestCase_26_LoanTenureCalculator_ValidatingFeesAndChargesTextBoxAndSlider Ended ----
10:33:56.217 [main] INFO  - ---- TestCase_27_LoanTenureCalculator_ScaleChangeForFeesAndChargesTextBoxAndSlider Started ----
10:33:57.362 [main] INFO  - ---- TestCase_27_LoanTenureCalculator_ScaleChangeForFeesAndChargesTextBoxAndSlider Ended ----
10:36:20.901 [main] INFO  - ---- TestCase_01_EnteringRequiredValuesInHomePage Started ----
10:36:24.720 [main] INFO  - ---- TestCase_01_EnteringRequiredValuesInHomePage Ended ----
10:36:24.925 [main] INFO  - ---- TestCase_02_DisplayingTheEMIPaymentTable Started ----
10:36:29.461 [main] INFO  - ---- TestCase_02_DisplayingTheEMIPaymentTable Ended ----
10:36:38.928 [main] INFO  - ---- TestCase_03_StoringTheYearTableInExcel Started ----
10:36:50.564 [main] INFO  - ---- TestCase_03_StoringTheYearTableInExcel Ended ----
10:37:08.345 [main] INFO  - -----TestCase_04_EMICalculator_ValidatingLoanAmountTextBoxAndSlider  started.------
10:37:08.618 [main] INFO  - TestCase_04_EMICalculator_ValidatingLoanAmountTextBoxAndSlider ended.
10:37:08.733 [main] INFO  - TestCase_05_EMICalculator_ScaleChangeForLoanAmountTextBoxAndSlider started.
10:37:09.931 [main] ERROR - TestCase_05_EMICalculator_ScaleChangeForLoanAmountTextBoxAndSlider got failed, Scale check for Loan Amount Text Box and slider was not successful.
10:37:27.510 [main] INFO  - ---- TestCase_13_LoanAmtCalculator_ValidatingEMITextBoxAndSlider Started ----
10:37:27.663 [main] INFO  - ---- TestCase_13_LoanAmtCalculator_ValidatingEMITextBoxAndSlider Ended ----
10:37:27.839 [main] INFO  - ---- TestCase_14_LoanAmtCalculator_ValidatingInterestRateTextBoxAndSlider Started ----
10:37:28.007 [main] INFO  - ---- TestCase_14_LoanAmtCalculator_ValidatingInterestRateTextBoxAndSlider Ended ----
10:37:28.164 [main] INFO  - ---- TestCase_15_LoanAmtCalculator_ScaleChangeForInterestRateTextBoxAndSlider Started ----
10:37:29.277 [main] ERROR - TestCase_15_LoanAmtCalculator_ScaleChangeForInterestRateTextBoxAndSlider got failed, Scale Change for Interest Rate Text Box and slider was not successful
10:43:00.766 [main] INFO  - ---- TestCase_01_EnteringRequiredValuesInHomePage Started ----
10:43:03.827 [main] INFO  - ---- TestCase_01_EnteringRequiredValuesInHomePage Ended ----
10:43:03.995 [main] INFO  - ---- TestCase_02_DisplayingTheEMIPaymentTable Started ----
10:43:06.539 [main] INFO  - ---- TestCase_02_DisplayingTheEMIPaymentTable Ended ----
10:43:14.891 [main] INFO  - ---- TestCase_03_StoringTheYearTableInExcel Started ----
10:43:25.906 [main] INFO  - ---- TestCase_03_StoringTheYearTableInExcel Ended ----
10:43:38.592 [main] INFO  - -----TestCase_04_EMICalculator_ValidatingLoanAmountTextBoxAndSlider  started.------
10:43:38.794 [main] INFO  - TestCase_04_EMICalculator_ValidatingLoanAmountTextBoxAndSlider ended.
10:43:38.880 [main] INFO  - TestCase_05_EMICalculator_ScaleChangeForLoanAmountTextBoxAndSlider started.
10:43:40.100 [main] ERROR - TestCase_05_EMICalculator_ScaleChangeForLoanAmountTextBoxAndSlider got failed, Scale check for Loan Amount Text Box and slider was not successful.
10:43:51.173 [main] INFO  - ---- TestCase_13_LoanAmtCalculator_ValidatingEMITextBoxAndSlider Started ----
10:43:51.352 [main] INFO  - ---- TestCase_13_LoanAmtCalculator_ValidatingEMITextBoxAndSlider Ended ----
10:43:51.506 [main] INFO  - ---- TestCase_14_LoanAmtCalculator_ValidatingInterestRateTextBoxAndSlider Started ----
10:43:51.695 [main] INFO  - ---- TestCase_14_LoanAmtCalculator_ValidatingInterestRateTextBoxAndSlider Ended ----
10:43:51.832 [main] INFO  - ---- TestCase_15_LoanAmtCalculator_ScaleChangeForInterestRateTextBoxAndSlider Started ----
10:43:52.964 [main] ERROR - TestCase_15_LoanAmtCalculator_ScaleChangeForInterestRateTextBoxAndSlider got failed, Scale Change for Interest Rate Text Box and slider was not successful
10:44:05.191 [main] INFO  - ---- TestCase_21_LoanTenureCalculator_ValidatingLoanAmountTextBoxAndSlider Started ----
10:44:05.406 [main] INFO  - ---- TestCase_21_LoanTenureCalculator_ValidatingLoanAmountTextBoxAndSlider Ended ----
10:44:05.549 [main] INFO  - ---- TestCase_22_LoanTenureCalculator_ScaleChangeForLoanAmountTextBoxAndSlider Started ----
10:44:06.654 [main] ERROR - TestCase_22_LoanTenureCalculator_ScaleChangeForLoanAmountTextBoxAndSlider got failed, Scale Change for Loan Amount Text Box and slider was not successful
